[2021-01-23 03:41:09 : INFO] - Re_Smush_It_Task with attachment ID : 1960, autocreated on : January 23, 2021 03:41:09 
[2021-01-23 03:41:34 : INFO] - Re_Smush_It_Task with attachment ID : 1961, autocreated on : January 23, 2021 03:41:33 
[2021-01-23 03:41:36 : INFO] - Re_Smush_It_Task with attachment ID : 1962, autocreated on : January 23, 2021 03:41:36 
[2021-01-23 03:41:57 : INFO] - Re_Smush_It_Task with attachment ID : 1963, autocreated on : January 23, 2021 03:41:57 
[2021-01-23 03:43:36 : INFO] - Re_Smush_It_Task with attachment ID : 1964, autocreated on : January 23, 2021 03:43:36 
[2021-01-23 03:43:56 : INFO] - Re_Smush_It_Task with attachment ID : 1965, autocreated on : January 23, 2021 03:43:56 
[2021-01-23 03:45:34 : INFO] - Re_Smush_It_Task with attachment ID : 1966, autocreated on : January 23, 2021 03:45:34 
[2021-01-23 03:45:52 : INFO] - Re_Smush_It_Task with attachment ID : 1967, autocreated on : January 23, 2021 03:45:52 
[2021-01-23 03:47:29 : INFO] - 
 
[2021-01-23 03:47:29 : INFO] - Header for logs at time:  Sat, 23 Jan 2021 03:47:29 +0000 on https://www.zhoujie218.top 
[2021-01-23 03:47:29 : INFO] - WP: 5.5.3 
[2021-01-23 03:47:29 : INFO] - PHP: 7.4.10 (fpm-fcgi, Linux iZxdntenq2f4z4Z 3.10.0-1127.19.1.el7.x86_64 #1 SMP Tue Aug 25 17:23:54 UTC 2020 x86_64) 
[2021-01-23 03:47:29 : INFO] - MySQL: 5.6.44 
[2021-01-23 03:47:29 : INFO] - WPLANG: zh_CN 
[2021-01-23 03:47:29 : INFO] - Server: nginx/1.17.1 
[2021-01-23 03:47:29 : INFO] - Outbound connections: N 
[2021-01-23 03:47:29 : INFO] - safe_mode: 0 
[2021-01-23 03:47:29 : INFO] - max_execution_time: 300 
[2021-01-23 03:47:29 : INFO] - memory_limit: 128M (used: 27.7M | 2M) 
[2021-01-23 03:47:29 : INFO] - multisite: N 
[2021-01-23 03:47:29 : INFO] - openssl: OpenSSL 1.0.2u  20 Dec 2019 
[2021-01-23 03:47:29 : INFO] - A total of 8 tasks of type smush found and will be processed in this iteration 
[2021-01-23 03:47:29 : INFO] - Set semaphore last lock (smush) time to 2021-01-23 03:47:29 
[2021-01-23 03:47:29 : INFO] - Semaphore lock (smush) complete 
[2021-01-23 03:47:29 : INFO] - Processing task with ID : 500, and type 'smush' 
[2021-01-23 03:47:29 : INFO] - Re_Smush_It_Task with attachment ID : 1960, autocreated on : January 23, 2021 03:41:09 
[2021-01-23 03:47:29 : INFO] - 95 
[2021-01-23 03:47:35 : INFO] - Re_Smush_It_Task with attachment ID : 1968, autocreated on : January 23, 2021 03:47:35 
[2021-01-23 03:47:37 : INFO] - Task with ID 500 and type (smush) failed with error code invalid_response - The compression apparently succeeded, but WP-Optimize could not retrieve the compressed image from the remote server. 
[2021-01-23 03:47:37 : INFO] - data: {"src":"http:\/\/par4.static.resmush.it\/fe5393d28b5234ae87768692ebd73504\/_src_20210123114107.jpeg","dest":"http:\/\/par4.static.resmush.it\/fe5393d28b5234ae87768692ebd73504\/20210123114107.jpeg","src_size":239629,"dest_size":124333,"percent":48,"output":"json","expires":"Sat, 23 Jan 2021 04:52:32 +0100","generator":"reSmush.it rev.2.0.7.20200829"} 
[2021-01-23 03:47:37 : INFO] - Re_Smush_It_Task with attachment ID : 1960, autocreated on : January 23, 2021 03:41:09 
[2021-01-23 03:47:37 : INFO] - 95 
[2021-01-23 03:47:40 : INFO] - Re_Smush_It_Task with attachment ID : 1960, autocreated on : January 23, 2021 03:41:09 
[2021-01-23 03:47:40 : INFO] - 95 
[2021-01-23 03:47:45 : INFO] - Re_Smush_It_Task with attachment ID : 1960, autocreated on : January 23, 2021 03:41:09 
[2021-01-23 03:47:45 : INFO] - 95 
[2021-01-23 03:47:46 : INFO] - Re_Smush_It_Task with attachment ID : 1960, autocreated on : January 23, 2021 03:41:09 
[2021-01-23 03:47:46 : INFO] - 95 
[2021-01-23 03:47:49 : INFO] - Successfully optimized the image - /www/wwwroot/www.zhoujie218.top/wp-content/uploads/2021/01/20210123114107.jpeg. 
[2021-01-23 03:47:49 : INFO] - Completed processing task with ID : 500, and type 'smush' 
[2021-01-23 03:47:49 : INFO] - Set semaphore last lock (smush) time to 2021-01-23 03:47:49 
[2021-01-23 03:47:49 : INFO] - Processing task with ID : 501, and type 'smush' 
[2021-01-23 03:47:49 : INFO] - Re_Smush_It_Task with attachment ID : 1961, autocreated on : January 23, 2021 03:41:33 
[2021-01-23 03:47:49 : INFO] - 95 
[2021-01-23 03:47:54 : INFO] - Backing up the original image - 2021/01/20210123114130-updraft-pre-smush-original.jpeg 
[2021-01-23 03:47:54 : INFO] - Re_Smush_It_Task with attachment ID : 1961, autocreated on : January 23, 2021 03:41:33 
[2021-01-23 03:47:54 : INFO] - 95 
[2021-01-23 03:47:56 : INFO] - Re_Smush_It_Task with attachment ID : 1961, autocreated on : January 23, 2021 03:41:33 
[2021-01-23 03:47:56 : INFO] - 95 
[2021-01-23 03:47:59 : INFO] - Re_Smush_It_Task with attachment ID : 1961, autocreated on : January 23, 2021 03:41:33 
[2021-01-23 03:47:59 : INFO] - 95 
[2021-01-23 03:48:00 : INFO] - Re_Smush_It_Task with attachment ID : 1969, autocreated on : January 23, 2021 03:48:00 
[2021-01-23 03:48:01 : INFO] - Re_Smush_It_Task with attachment ID : 1961, autocreated on : January 23, 2021 03:41:33 
[2021-01-23 03:48:01 : INFO] - 95 
[2021-01-23 03:48:04 : INFO] - Successfully optimized the image - /www/wwwroot/www.zhoujie218.top/wp-content/uploads/2021/01/20210123114130.jpeg. 
[2021-01-23 03:48:04 : INFO] - Completed processing task with ID : 501, and type 'smush' 
[2021-01-23 03:48:04 : INFO] - Processing task with ID : 502, and type 'smush' 
[2021-01-23 03:48:04 : INFO] - Re_Smush_It_Task with attachment ID : 1962, autocreated on : January 23, 2021 03:41:36 
[2021-01-23 03:48:04 : INFO] - 95 
[2021-01-23 03:48:07 : INFO] - Backing up the original image - 2021/01/20210123114133-updraft-pre-smush-original.jpeg 
[2021-01-23 03:48:07 : INFO] - Re_Smush_It_Task with attachment ID : 1962, autocreated on : January 23, 2021 03:41:36 
[2021-01-23 03:48:07 : INFO] - 95 
[2021-01-23 03:48:09 : INFO] - Re_Smush_It_Task with attachment ID : 1962, autocreated on : January 23, 2021 03:41:36 
[2021-01-23 03:48:09 : INFO] - 95 
[2021-01-23 03:48:12 : INFO] - Re_Smush_It_Task with attachment ID : 1962, autocreated on : January 23, 2021 03:41:36 
[2021-01-23 03:48:12 : INFO] - 95 
[2021-01-23 03:48:14 : INFO] - Re_Smush_It_Task with attachment ID : 1962, autocreated on : January 23, 2021 03:41:36 
[2021-01-23 03:48:14 : INFO] - 95 
[2021-01-23 03:48:17 : INFO] - Successfully optimized the image - /www/wwwroot/www.zhoujie218.top/wp-content/uploads/2021/01/20210123114133.jpeg. 
[2021-01-23 03:48:17 : INFO] - Completed processing task with ID : 502, and type 'smush' 
[2021-01-23 03:48:17 : INFO] - Set semaphore last lock (smush) time to 2021-01-23 03:48:17 
[2021-01-23 03:48:17 : INFO] - Processing task with ID : 503, and type 'smush' 
[2021-01-23 03:48:17 : INFO] - Re_Smush_It_Task with attachment ID : 1963, autocreated on : January 23, 2021 03:41:57 
[2021-01-23 03:48:17 : INFO] - 95 
[2021-01-23 03:48:23 : INFO] - Backing up the original image - 2021/01/20210123114154-updraft-pre-smush-original.jpeg 
[2021-01-23 03:48:23 : INFO] - Re_Smush_It_Task with attachment ID : 1963, autocreated on : January 23, 2021 03:41:57 
[2021-01-23 03:48:23 : INFO] - 95 
[2021-01-23 03:48:25 : INFO] - Re_Smush_It_Task with attachment ID : 1963, autocreated on : January 23, 2021 03:41:57 
[2021-01-23 03:48:25 : INFO] - 95 
[2021-01-23 03:48:28 : INFO] - Re_Smush_It_Task with attachment ID : 1963, autocreated on : January 23, 2021 03:41:57 
[2021-01-23 03:48:28 : INFO] - 95 
[2021-01-23 03:48:30 : INFO] - Re_Smush_It_Task with attachment ID : 1963, autocreated on : January 23, 2021 03:41:57 
[2021-01-23 03:48:30 : INFO] - 95 
[2021-01-23 03:48:32 : INFO] - Successfully optimized the image - /www/wwwroot/www.zhoujie218.top/wp-content/uploads/2021/01/20210123114154.jpeg. 
[2021-01-23 03:48:32 : INFO] - Completed processing task with ID : 503, and type 'smush' 
[2021-01-23 03:48:32 : INFO] - Processing task with ID : 504, and type 'smush' 
[2021-01-23 03:48:32 : INFO] - Re_Smush_It_Task with attachment ID : 1964, autocreated on : January 23, 2021 03:43:36 
[2021-01-23 03:48:32 : INFO] - 95 
[2021-01-23 03:48:38 : INFO] - Backing up the original image - 2021/01/20210123114334-updraft-pre-smush-original.jpeg 
[2021-01-23 03:48:38 : INFO] - Re_Smush_It_Task with attachment ID : 1964, autocreated on : January 23, 2021 03:43:36 
[2021-01-23 03:48:38 : INFO] - 95 
[2021-01-23 03:48:39 : INFO] - Re_Smush_It_Task with attachment ID : 1964, autocreated on : January 23, 2021 03:43:36 
[2021-01-23 03:48:39 : INFO] - 95 
[2021-01-23 03:48:43 : INFO] - Re_Smush_It_Task with attachment ID : 1964, autocreated on : January 23, 2021 03:43:36 
[2021-01-23 03:48:43 : INFO] - 95 
[2021-01-23 03:48:44 : INFO] - Re_Smush_It_Task with attachment ID : 1964, autocreated on : January 23, 2021 03:43:36 
[2021-01-23 03:48:44 : INFO] - 95 
[2021-01-23 03:48:46 : INFO] - Successfully optimized the image - /www/wwwroot/www.zhoujie218.top/wp-content/uploads/2021/01/20210123114334.jpeg. 
[2021-01-23 03:48:46 : INFO] - Completed processing task with ID : 504, and type 'smush' 
[2021-01-23 03:48:46 : INFO] - Set semaphore last lock (smush) time to 2021-01-23 03:48:46 
[2021-01-23 03:48:46 : INFO] - Processing task with ID : 505, and type 'smush' 
[2021-01-23 03:48:46 : INFO] - Re_Smush_It_Task with attachment ID : 1965, autocreated on : January 23, 2021 03:43:56 
[2021-01-23 03:48:46 : INFO] - 95 
[2021-01-23 03:48:53 : INFO] - Task with ID 505 and type (smush) failed with error code invalid_response - The compression apparently succeeded, but WP-Optimize could not retrieve the compressed image from the remote server. 
[2021-01-23 03:48:53 : INFO] - data: {"src":"http:\/\/par4.static.resmush.it\/52b5b4f4f85b4db967c316fb4beed3c3\/_src_20210123114353.jpeg","dest":"http:\/\/par4.static.resmush.it\/52b5b4f4f85b4db967c316fb4beed3c3\/20210123114353.jpeg","src_size":218798,"dest_size":115634,"percent":47,"output":"json","expires":"Sat, 23 Jan 2021 04:53:48 +0100","generator":"reSmush.it rev.2.0.7.20200829"} 
[2021-01-23 03:48:53 : INFO] - Re_Smush_It_Task with attachment ID : 1965, autocreated on : January 23, 2021 03:43:56 
[2021-01-23 03:48:53 : INFO] - 95 
[2021-01-23 03:48:54 : INFO] - Re_Smush_It_Task with attachment ID : 1965, autocreated on : January 23, 2021 03:43:56 
[2021-01-23 03:48:54 : INFO] - 95 
[2021-01-23 03:48:57 : INFO] - Re_Smush_It_Task with attachment ID : 1965, autocreated on : January 23, 2021 03:43:56 
[2021-01-23 03:48:57 : INFO] - 95 
[2021-01-23 03:48:58 : INFO] - Re_Smush_It_Task with attachment ID : 1965, autocreated on : January 23, 2021 03:43:56 
[2021-01-23 03:48:58 : INFO] - 95 
[2021-01-23 03:49:01 : INFO] - Successfully optimized the image - /www/wwwroot/www.zhoujie218.top/wp-content/uploads/2021/01/20210123114353.jpeg. 
[2021-01-23 03:49:01 : INFO] - Completed processing task with ID : 505, and type 'smush' 
[2021-01-23 03:49:01 : INFO] - Processing task with ID : 506, and type 'smush' 
[2021-01-23 03:49:01 : INFO] - Re_Smush_It_Task with attachment ID : 1966, autocreated on : January 23, 2021 03:45:34 
[2021-01-23 03:49:01 : INFO] - 95 
[2021-01-23 03:49:06 : INFO] - Backing up the original image - 2021/01/20210123114532-updraft-pre-smush-original.jpeg 
[2021-01-23 03:49:06 : INFO] - Re_Smush_It_Task with attachment ID : 1966, autocreated on : January 23, 2021 03:45:34 
[2021-01-23 03:49:06 : INFO] - 95 
[2021-01-23 03:49:07 : INFO] - Re_Smush_It_Task with attachment ID : 1966, autocreated on : January 23, 2021 03:45:34 
[2021-01-23 03:49:07 : INFO] - 95 
[2021-01-23 03:49:11 : INFO] - Re_Smush_It_Task with attachment ID : 1966, autocreated on : January 23, 2021 03:45:34 
[2021-01-23 03:49:11 : INFO] - 95 
[2021-01-23 03:49:12 : INFO] - Re_Smush_It_Task with attachment ID : 1966, autocreated on : January 23, 2021 03:45:34 
[2021-01-23 03:49:12 : INFO] - 95 
[2021-01-23 03:49:15 : INFO] - Successfully optimized the image - /www/wwwroot/www.zhoujie218.top/wp-content/uploads/2021/01/20210123114532.jpeg. 
[2021-01-23 03:49:15 : INFO] - Completed processing task with ID : 506, and type 'smush' 
[2021-01-23 03:49:15 : INFO] - Set semaphore last lock (smush) time to 2021-01-23 03:49:15 
[2021-01-23 03:49:15 : INFO] - Processing task with ID : 507, and type 'smush' 
[2021-01-23 03:49:15 : INFO] - Re_Smush_It_Task with attachment ID : 1967, autocreated on : January 23, 2021 03:45:52 
[2021-01-23 03:49:15 : INFO] - 95 
[2021-01-23 03:49:19 : INFO] - Backing up the original image - 2021/01/20210123114550-updraft-pre-smush-original.jpeg 
[2021-01-23 03:49:19 : INFO] - Re_Smush_It_Task with attachment ID : 1967, autocreated on : January 23, 2021 03:45:52 
[2021-01-23 03:49:19 : INFO] - 95 
[2021-01-23 03:49:20 : INFO] - Re_Smush_It_Task with attachment ID : 1967, autocreated on : January 23, 2021 03:45:52 
[2021-01-23 03:49:20 : INFO] - 95 
[2021-01-23 03:49:23 : INFO] - Re_Smush_It_Task with attachment ID : 1967, autocreated on : January 23, 2021 03:45:52 
[2021-01-23 03:49:23 : INFO] - 95 
[2021-01-23 03:49:24 : INFO] - Re_Smush_It_Task with attachment ID : 1967, autocreated on : January 23, 2021 03:45:52 
[2021-01-23 03:49:24 : INFO] - 95 
[2021-01-23 03:49:26 : INFO] - Successfully optimized the image - /www/wwwroot/www.zhoujie218.top/wp-content/uploads/2021/01/20210123114550.jpeg. 
[2021-01-23 03:49:26 : INFO] - Completed processing task with ID : 507, and type 'smush' 
[2021-01-23 03:49:26 : INFO] - Decremented the semaphore (smush) by 1 
[2021-01-23 03:49:26 : INFO] - Semaphore (smush) unlocked 
[2021-01-23 03:49:26 : INFO] - Successfully processed the queue (smush). 8 tasks were processed out of 8. 
[2021-01-23 03:49:26 : INFO] - Semaphore (smush, wp_options) was successfully cleaned up 
[2021-01-23 03:49:36 : INFO] - Re_Smush_It_Task with attachment ID : 1970, autocreated on : January 23, 2021 03:49:36 
[2021-01-23 03:49:58 : INFO] - Re_Smush_It_Task with attachment ID : 1971, autocreated on : January 23, 2021 03:49:58 
[2021-01-23 03:51:36 : INFO] - Re_Smush_It_Task with attachment ID : 1972, autocreated on : January 23, 2021 03:51:36 
[2021-01-23 03:51:51 : INFO] - Re_Smush_It_Task with attachment ID : 1973, autocreated on : January 23, 2021 03:51:51 
[2021-01-23 04:06:33 : INFO] - 
 
[2021-01-23 04:06:33 : INFO] - Header for logs at time:  Sat, 23 Jan 2021 04:06:33 +0000 on https://www.zhoujie218.top 
[2021-01-23 04:06:33 : INFO] - WP: 5.5.3 
[2021-01-23 04:06:33 : INFO] - PHP: 7.4.10 (fpm-fcgi, Linux iZxdntenq2f4z4Z 3.10.0-1127.19.1.el7.x86_64 #1 SMP Tue Aug 25 17:23:54 UTC 2020 x86_64) 
[2021-01-23 04:06:33 : INFO] - MySQL: 5.6.44 
[2021-01-23 04:06:33 : INFO] - WPLANG: zh_CN 
[2021-01-23 04:06:33 : INFO] - Server: nginx/1.17.1 
[2021-01-23 04:06:33 : INFO] - Outbound connections: N 
[2021-01-23 04:06:33 : INFO] - safe_mode: 0 
[2021-01-23 04:06:33 : INFO] - max_execution_time: 300 
[2021-01-23 04:06:33 : INFO] - memory_limit: 128M (used: 27.7M | 2M) 
[2021-01-23 04:06:33 : INFO] - multisite: N 
[2021-01-23 04:06:33 : INFO] - openssl: OpenSSL 1.0.2u  20 Dec 2019 
[2021-01-23 04:06:33 : INFO] - A total of 6 tasks of type smush found and will be processed in this iteration 
[2021-01-23 04:06:33 : INFO] - Set semaphore last lock (smush) time to 2021-01-23 04:06:33 
[2021-01-23 04:06:33 : INFO] - Semaphore lock (smush) complete 
[2021-01-23 04:06:33 : INFO] - Processing task with ID : 508, and type 'smush' 
[2021-01-23 04:06:33 : INFO] - Re_Smush_It_Task with attachment ID : 1968, autocreated on : January 23, 2021 03:47:35 
[2021-01-23 04:06:33 : INFO] - 95 
[2021-01-23 04:06:41 : INFO] - Task with ID 508 and type (smush) failed with error code invalid_response - The compression apparently succeeded, but WP-Optimize could not retrieve the compressed image from the remote server. 
[2021-01-23 04:06:41 : INFO] - data: {"src":"http:\/\/par2.static.resmush.it\/903bf89aba83edfd3c6fa8e11ddb3edc\/_src_20210123114734.jpeg","dest":"http:\/\/par2.static.resmush.it\/903bf89aba83edfd3c6fa8e11ddb3edc\/20210123114734.jpeg","src_size":236155,"dest_size":122400,"percent":48,"output":"json","expires":"Sat, 23 Jan 2021 05:11:35 +0100","generator":"reSmush.it rev.2.0.7.20200829"} 
[2021-01-23 04:06:41 : INFO] - Re_Smush_It_Task with attachment ID : 1968, autocreated on : January 23, 2021 03:47:35 
[2021-01-23 04:06:41 : INFO] - 95 
[2021-01-23 04:06:42 : INFO] - Re_Smush_It_Task with attachment ID : 1968, autocreated on : January 23, 2021 03:47:35 
[2021-01-23 04:06:42 : INFO] - 95 
[2021-01-23 04:06:47 : INFO] - Re_Smush_It_Task with attachment ID : 1968, autocreated on : January 23, 2021 03:47:35 
[2021-01-23 04:06:47 : INFO] - 95 
[2021-01-23 04:06:48 : INFO] - Re_Smush_It_Task with attachment ID : 1968, autocreated on : January 23, 2021 03:47:35 
[2021-01-23 04:06:48 : INFO] - 95 
[2021-01-23 04:06:51 : INFO] - Successfully optimized the image - /www/wwwroot/www.zhoujie218.top/wp-content/uploads/2021/01/20210123114734.jpeg. 
[2021-01-23 04:06:51 : INFO] - Completed processing task with ID : 508, and type 'smush' 
[2021-01-23 04:06:51 : INFO] - Processing task with ID : 509, and type 'smush' 
[2021-01-23 04:06:51 : INFO] - Re_Smush_It_Task with attachment ID : 1969, autocreated on : January 23, 2021 03:48:00 
[2021-01-23 04:06:51 : INFO] - 95 
[2021-01-23 04:06:56 : INFO] - Backing up the original image - 2021/01/20210123114759-updraft-pre-smush-original.jpeg 
[2021-01-23 04:06:56 : INFO] - Re_Smush_It_Task with attachment ID : 1969, autocreated on : January 23, 2021 03:48:00 
[2021-01-23 04:06:56 : INFO] - 95 
[2021-01-23 04:06:57 : INFO] - Re_Smush_It_Task with attachment ID : 1969, autocreated on : January 23, 2021 03:48:00 
[2021-01-23 04:06:57 : INFO] - 95 
[2021-01-23 04:07:00 : INFO] - Re_Smush_It_Task with attachment ID : 1969, autocreated on : January 23, 2021 03:48:00 
[2021-01-23 04:07:00 : INFO] - 95 
[2021-01-23 04:07:03 : INFO] - Re_Smush_It_Task with attachment ID : 1969, autocreated on : January 23, 2021 03:48:00 
[2021-01-23 04:07:03 : INFO] - 95 
[2021-01-23 04:07:08 : INFO] - Successfully optimized the image - /www/wwwroot/www.zhoujie218.top/wp-content/uploads/2021/01/20210123114759.jpeg. 
[2021-01-23 04:07:08 : INFO] - Completed processing task with ID : 509, and type 'smush' 
[2021-01-23 04:07:08 : INFO] - Set semaphore last lock (smush) time to 2021-01-23 04:07:08 
[2021-01-23 04:07:08 : INFO] - Processing task with ID : 510, and type 'smush' 
[2021-01-23 04:07:08 : INFO] - Re_Smush_It_Task with attachment ID : 1970, autocreated on : January 23, 2021 03:49:36 
[2021-01-23 04:07:08 : INFO] - 95 
[2021-01-23 04:07:13 : INFO] - Backing up the original image - 2021/01/20210123114934-updraft-pre-smush-original.jpeg 
[2021-01-23 04:07:13 : INFO] - Re_Smush_It_Task with attachment ID : 1970, autocreated on : January 23, 2021 03:49:36 
[2021-01-23 04:07:13 : INFO] - 95 
[2021-01-23 04:07:15 : INFO] - Re_Smush_It_Task with attachment ID : 1970, autocreated on : January 23, 2021 03:49:36 
[2021-01-23 04:07:15 : INFO] - 95 
[2021-01-23 04:07:17 : INFO] - Re_Smush_It_Task with attachment ID : 1970, autocreated on : January 23, 2021 03:49:36 
[2021-01-23 04:07:17 : INFO] - 95 
[2021-01-23 04:07:20 : INFO] - Re_Smush_It_Task with attachment ID : 1970, autocreated on : January 23, 2021 03:49:36 
[2021-01-23 04:07:20 : INFO] - 95 
[2021-01-23 04:07:24 : INFO] - Successfully optimized the image - /www/wwwroot/www.zhoujie218.top/wp-content/uploads/2021/01/20210123114934.jpeg. 
[2021-01-23 04:07:24 : INFO] - Completed processing task with ID : 510, and type 'smush' 
[2021-01-23 04:07:24 : INFO] - Processing task with ID : 511, and type 'smush' 
[2021-01-23 04:07:24 : INFO] - Re_Smush_It_Task with attachment ID : 1971, autocreated on : January 23, 2021 03:49:58 
[2021-01-23 04:07:24 : INFO] - 95 
[2021-01-23 04:07:29 : INFO] - Backing up the original image - 2021/01/20210123114956-updraft-pre-smush-original.jpeg 
[2021-01-23 04:07:29 : INFO] - Re_Smush_It_Task with attachment ID : 1971, autocreated on : January 23, 2021 03:49:58 
[2021-01-23 04:07:29 : INFO] - 95 
[2021-01-23 04:07:30 : INFO] - Re_Smush_It_Task with attachment ID : 1971, autocreated on : January 23, 2021 03:49:58 
[2021-01-23 04:07:30 : INFO] - 95 
[2021-01-23 04:07:33 : INFO] - Re_Smush_It_Task with attachment ID : 1971, autocreated on : January 23, 2021 03:49:58 
[2021-01-23 04:07:33 : INFO] - 95 
[2021-01-23 04:07:35 : INFO] - Re_Smush_It_Task with attachment ID : 1971, autocreated on : January 23, 2021 03:49:58 
[2021-01-23 04:07:35 : INFO] - 95 
[2021-01-23 04:07:37 : INFO] - Successfully optimized the image - /www/wwwroot/www.zhoujie218.top/wp-content/uploads/2021/01/20210123114956.jpeg. 
[2021-01-23 04:07:37 : INFO] - Completed processing task with ID : 511, and type 'smush' 
[2021-01-23 04:07:37 : INFO] - Set semaphore last lock (smush) time to 2021-01-23 04:07:37 
[2021-01-23 04:07:37 : INFO] - Processing task with ID : 512, and type 'smush' 
[2021-01-23 04:07:37 : INFO] - Re_Smush_It_Task with attachment ID : 1972, autocreated on : January 23, 2021 03:51:36 
[2021-01-23 04:07:37 : INFO] - 95 
[2021-01-23 04:07:42 : INFO] - Backing up the original image - 2021/01/20210123115135-updraft-pre-smush-original.jpeg 
[2021-01-23 04:07:42 : INFO] - Re_Smush_It_Task with attachment ID : 1972, autocreated on : January 23, 2021 03:51:36 
[2021-01-23 04:07:42 : INFO] - 95 
[2021-01-23 04:07:45 : INFO] - Re_Smush_It_Task with attachment ID : 1972, autocreated on : January 23, 2021 03:51:36 
[2021-01-23 04:07:45 : INFO] - 95 
[2021-01-23 04:07:48 : INFO] - Re_Smush_It_Task with attachment ID : 1972, autocreated on : January 23, 2021 03:51:36 
[2021-01-23 04:07:48 : INFO] - 95 
[2021-01-23 04:07:49 : INFO] - Re_Smush_It_Task with attachment ID : 1972, autocreated on : January 23, 2021 03:51:36 
[2021-01-23 04:07:49 : INFO] - 95 
[2021-01-23 04:07:51 : INFO] - Successfully optimized the image - /www/wwwroot/www.zhoujie218.top/wp-content/uploads/2021/01/20210123115135.jpeg. 
[2021-01-23 04:07:52 : INFO] - Completed processing task with ID : 512, and type 'smush' 
[2021-01-23 04:07:52 : INFO] - Processing task with ID : 513, and type 'smush' 
[2021-01-23 04:07:52 : INFO] - Re_Smush_It_Task with attachment ID : 1973, autocreated on : January 23, 2021 03:51:51 
[2021-01-23 04:07:52 : INFO] - 95 
[2021-01-23 04:07:57 : INFO] - Backing up the original image - 2021/01/20210123115150-updraft-pre-smush-original.jpeg 
[2021-01-23 04:07:57 : INFO] - Re_Smush_It_Task with attachment ID : 1973, autocreated on : January 23, 2021 03:51:51 
[2021-01-23 04:07:57 : INFO] - 95 
[2021-01-23 04:08:00 : INFO] - Re_Smush_It_Task with attachment ID : 1973, autocreated on : January 23, 2021 03:51:51 
[2021-01-23 04:08:00 : INFO] - 95 
[2021-01-23 04:08:04 : INFO] - Re_Smush_It_Task with attachment ID : 1973, autocreated on : January 23, 2021 03:51:51 
[2021-01-23 04:08:04 : INFO] - 95 
[2021-01-23 04:08:05 : INFO] - Re_Smush_It_Task with attachment ID : 1973, autocreated on : January 23, 2021 03:51:51 
[2021-01-23 04:08:05 : INFO] - 95 
[2021-01-23 04:08:07 : INFO] - Successfully optimized the image - /www/wwwroot/www.zhoujie218.top/wp-content/uploads/2021/01/20210123115150.jpeg. 
[2021-01-23 04:08:07 : INFO] - Completed processing task with ID : 513, and type 'smush' 
[2021-01-23 04:08:07 : INFO] - Set semaphore last lock (smush) time to 2021-01-23 04:08:07 
[2021-01-23 04:08:07 : INFO] - Decremented the semaphore (smush) by 1 
[2021-01-23 04:08:07 : INFO] - Semaphore (smush) unlocked 
[2021-01-23 04:08:07 : INFO] - Successfully processed the queue (smush). 6 tasks were processed out of 6. 
[2021-01-23 04:08:07 : INFO] - Semaphore (smush, wp_options) was successfully cleaned up 
[2021-01-23 04:08:07 : INFO] - Cleaning up tasks of type (smush). A total of 14 tasks will be deleted. 
[2021-01-23 04:17:12 : INFO] - 
 
[2021-01-23 04:17:12 : INFO] - Header for logs at time:  Sat, 23 Jan 2021 04:17:12 +0000 on https://www.zhoujie218.top 
[2021-01-23 04:17:12 : INFO] - WP: 5.5.3 
[2021-01-23 04:17:12 : INFO] - PHP: 7.4.10 (fpm-fcgi, Linux iZxdntenq2f4z4Z 3.10.0-1127.19.1.el7.x86_64 #1 SMP Tue Aug 25 17:23:54 UTC 2020 x86_64) 
[2021-01-23 04:17:12 : INFO] - MySQL: 5.6.44 
[2021-01-23 04:17:12 : INFO] - WPLANG: zh_CN 
[2021-01-23 04:17:12 : INFO] - Server: nginx/1.17.1 
[2021-01-23 04:17:12 : INFO] - Outbound connections: N 
[2021-01-23 04:17:12 : INFO] - safe_mode: 0 
[2021-01-23 04:17:12 : INFO] - max_execution_time: 300 
[2021-01-23 04:17:12 : INFO] - memory_limit: 128M (used: 27.7M | 2M) 
[2021-01-23 04:17:12 : INFO] - multisite: N 
[2021-01-23 04:17:12 : INFO] - openssl: OpenSSL 1.0.2u  20 Dec 2019 
[2021-01-23 04:17:12 : INFO] - The queue for tasks of type "smush" is empty. Aborting! 
[2021-02-09 14:51:44 : INFO] - Re_Smush_It_Task with attachment ID : 1976, autocreated on : February 09, 2021 02:51:44 
[2021-02-09 14:51:55 : INFO] - Re_Smush_It_Task with attachment ID : 1977, autocreated on : February 09, 2021 02:51:55 
[2021-02-09 14:52:21 : INFO] - Re_Smush_It_Task with attachment ID : 1978, autocreated on : February 09, 2021 02:52:21 
[2021-02-09 14:52:47 : INFO] - Re_Smush_It_Task with attachment ID : 1979, autocreated on : February 09, 2021 02:52:47 
[2021-02-09 14:53:04 : INFO] - Re_Smush_It_Task with attachment ID : 1980, autocreated on : February 09, 2021 02:53:04 
[2021-02-09 15:04:50 : INFO] - 
 
[2021-02-09 15:04:50 : INFO] - Header for logs at time:  Tue, 09 Feb 2021 15:04:50 +0000 on https://www.zhoujie218.top 
[2021-02-09 15:04:50 : INFO] - WP: 5.5.3 
[2021-02-09 15:04:50 : INFO] - PHP: 7.4.10 (fpm-fcgi, Linux iZxdntenq2f4z4Z 3.10.0-1127.19.1.el7.x86_64 #1 SMP Tue Aug 25 17:23:54 UTC 2020 x86_64) 
[2021-02-09 15:04:50 : INFO] - MySQL: 5.6.44 
[2021-02-09 15:04:50 : INFO] - WPLANG: zh_CN 
[2021-02-09 15:04:50 : INFO] - Server: nginx/1.17.1 
[2021-02-09 15:04:50 : INFO] - Outbound connections: N 
[2021-02-09 15:04:50 : INFO] - safe_mode: 0 
[2021-02-09 15:04:50 : INFO] - max_execution_time: 300 
[2021-02-09 15:04:50 : INFO] - memory_limit: 128M (used: 27.7M | 2M) 
[2021-02-09 15:04:50 : INFO] - multisite: N 
[2021-02-09 15:04:50 : INFO] - openssl: OpenSSL 1.0.2u  20 Dec 2019 
[2021-02-09 15:04:50 : INFO] - A total of 5 tasks of type smush found and will be processed in this iteration 
[2021-02-09 15:04:50 : INFO] - Set semaphore last lock (smush) time to 2021-02-09 15:04:50 
[2021-02-09 15:04:50 : INFO] - Semaphore lock (smush) complete 
[2021-02-09 15:04:50 : INFO] - Processing task with ID : 514, and type 'smush' 
[2021-02-09 15:04:50 : INFO] - Re_Smush_It_Task with attachment ID : 1976, autocreated on : February 09, 2021 02:51:44 
[2021-02-09 15:04:50 : INFO] - 95 
[2021-02-09 15:04:57 : INFO] - Task with ID 514 and type (smush) failed with error code invalid_response - The compression apparently succeeded, but WP-Optimize could not retrieve the compressed image from the remote server. 
[2021-02-09 15:04:57 : INFO] - data: {"src":"http:\/\/par4.static.resmush.it\/239d9d59f7a5d553927a2dfa90a38fdd\/_src_20210209225143.png","dest":"http:\/\/par4.static.resmush.it\/239d9d59f7a5d553927a2dfa90a38fdd\/20210209225143.png","src_size":17527,"dest_size":7941,"percent":55,"output":"json","expires":"Tue, 09 Feb 2021 16:09:52 +0100","generator":"reSmush.it rev.3.0.4.20210124"} 
[2021-02-09 15:04:57 : INFO] - Re_Smush_It_Task with attachment ID : 1976, autocreated on : February 09, 2021 02:51:44 
[2021-02-09 15:04:57 : INFO] - 95 
[2021-02-09 15:05:00 : INFO] - Re_Smush_It_Task with attachment ID : 1976, autocreated on : February 09, 2021 02:51:44 
[2021-02-09 15:05:00 : INFO] - 95 
[2021-02-09 15:05:04 : INFO] - Re_Smush_It_Task with attachment ID : 1976, autocreated on : February 09, 2021 02:51:44 
[2021-02-09 15:05:04 : INFO] - 95 
[2021-02-09 15:05:08 : INFO] - Successfully optimized the image - /www/wwwroot/www.zhoujie218.top/wp-content/uploads/2021/02/20210209225143.png. 
[2021-02-09 15:05:08 : INFO] - Completed processing task with ID : 514, and type 'smush' 
[2021-02-09 15:05:08 : INFO] - Processing task with ID : 515, and type 'smush' 
[2021-02-09 15:05:08 : INFO] - Re_Smush_It_Task with attachment ID : 1977, autocreated on : February 09, 2021 02:51:55 
[2021-02-09 15:05:08 : INFO] - 95 
[2021-02-09 15:05:13 : INFO] - Backing up the original image - 2021/02/20210209225155-updraft-pre-smush-original.png 
[2021-02-09 15:05:13 : INFO] - Re_Smush_It_Task with attachment ID : 1977, autocreated on : February 09, 2021 02:51:55 
[2021-02-09 15:05:13 : INFO] - 95 
[2021-02-09 15:05:15 : INFO] - Re_Smush_It_Task with attachment ID : 1977, autocreated on : February 09, 2021 02:51:55 
[2021-02-09 15:05:15 : INFO] - 95 
[2021-02-09 15:05:17 : INFO] - Re_Smush_It_Task with attachment ID : 1977, autocreated on : February 09, 2021 02:51:55 
[2021-02-09 15:05:17 : INFO] - 95 
[2021-02-09 15:05:20 : INFO] - Successfully optimized the image - /www/wwwroot/www.zhoujie218.top/wp-content/uploads/2021/02/20210209225155.png. 
[2021-02-09 15:05:20 : INFO] - Completed processing task with ID : 515, and type 'smush' 
[2021-02-09 15:05:20 : INFO] - Set semaphore last lock (smush) time to 2021-02-09 15:05:20 
[2021-02-09 15:05:20 : INFO] - Processing task with ID : 516, and type 'smush' 
[2021-02-09 15:05:20 : INFO] - Re_Smush_It_Task with attachment ID : 1978, autocreated on : February 09, 2021 02:52:21 
[2021-02-09 15:05:20 : INFO] - 95 
[2021-02-09 15:05:26 : INFO] - Backing up the original image - 2021/02/20210209225221-updraft-pre-smush-original.jpg 
[2021-02-09 15:05:26 : INFO] - Re_Smush_It_Task with attachment ID : 1978, autocreated on : February 09, 2021 02:52:21 
[2021-02-09 15:05:26 : INFO] - 95 
[2021-02-09 15:05:30 : INFO] - Re_Smush_It_Task with attachment ID : 1978, autocreated on : February 09, 2021 02:52:21 
[2021-02-09 15:05:30 : INFO] - 95 
[2021-02-09 15:05:36 : INFO] - Re_Smush_It_Task with attachment ID : 1978, autocreated on : February 09, 2021 02:52:21 
[2021-02-09 15:05:36 : INFO] - 95 
[2021-02-09 15:05:39 : INFO] - Re_Smush_It_Task with attachment ID : 1978, autocreated on : February 09, 2021 02:52:21 
[2021-02-09 15:05:39 : INFO] - 95 
[2021-02-09 15:05:43 : INFO] - Successfully optimized the image - /www/wwwroot/www.zhoujie218.top/wp-content/uploads/2021/02/20210209225221.jpg. 
[2021-02-09 15:05:43 : INFO] - Completed processing task with ID : 516, and type 'smush' 
[2021-02-09 15:05:43 : INFO] - Set semaphore last lock (smush) time to 2021-02-09 15:05:43 
[2021-02-09 15:05:43 : INFO] - Processing task with ID : 517, and type 'smush' 
[2021-02-09 15:05:43 : INFO] - Re_Smush_It_Task with attachment ID : 1979, autocreated on : February 09, 2021 02:52:47 
[2021-02-09 15:05:43 : INFO] - 95 
[2021-02-09 15:05:49 : INFO] - Task with ID 517 and type (smush) failed with error code invalid_response - The compression apparently succeeded, but WP-Optimize could not retrieve the compressed image from the remote server. 
[2021-02-09 15:05:49 : INFO] - data: {"src":"http:\/\/par2.static.resmush.it\/f0011435228f5b648a7b5c105ab95c4d\/_src_20210209225247.png","dest":"http:\/\/par2.static.resmush.it\/f0011435228f5b648a7b5c105ab95c4d\/20210209225247.png","src_size":55649,"dest_size":21115,"percent":62,"output":"json","expires":"Tue, 09 Feb 2021 16:10:44 +0100","generator":"reSmush.it rev.3.0.4.20210124"} 
[2021-02-09 15:05:49 : INFO] - Re_Smush_It_Task with attachment ID : 1979, autocreated on : February 09, 2021 02:52:47 
[2021-02-09 15:05:49 : INFO] - 95 
[2021-02-09 15:05:50 : INFO] - Re_Smush_It_Task with attachment ID : 1979, autocreated on : February 09, 2021 02:52:47 
[2021-02-09 15:05:50 : INFO] - 95 
[2021-02-09 15:05:53 : INFO] - Re_Smush_It_Task with attachment ID : 1979, autocreated on : February 09, 2021 02:52:47 
[2021-02-09 15:05:53 : INFO] - 95 
[2021-02-09 15:05:57 : INFO] - Successfully optimized the image - /www/wwwroot/www.zhoujie218.top/wp-content/uploads/2021/02/20210209225247.png. 
[2021-02-09 15:05:57 : INFO] - Completed processing task with ID : 517, and type 'smush' 
[2021-02-09 15:05:57 : INFO] - Processing task with ID : 518, and type 'smush' 
[2021-02-09 15:05:57 : INFO] - Re_Smush_It_Task with attachment ID : 1980, autocreated on : February 09, 2021 02:53:04 
[2021-02-09 15:05:57 : INFO] - 95 
[2021-02-09 15:06:02 : INFO] - Backing up the original image - 2021/02/20210209225304-updraft-pre-smush-original.png 
[2021-02-09 15:06:02 : INFO] - Re_Smush_It_Task with attachment ID : 1980, autocreated on : February 09, 2021 02:53:04 
[2021-02-09 15:06:02 : INFO] - 95 
[2021-02-09 15:06:04 : INFO] - Re_Smush_It_Task with attachment ID : 1980, autocreated on : February 09, 2021 02:53:04 
[2021-02-09 15:06:04 : INFO] - 95 
[2021-02-09 15:06:06 : INFO] - Re_Smush_It_Task with attachment ID : 1980, autocreated on : February 09, 2021 02:53:04 
[2021-02-09 15:06:06 : INFO] - 95 
[2021-02-09 15:06:16 : INFO] - Successfully optimized the image - /www/wwwroot/www.zhoujie218.top/wp-content/uploads/2021/02/20210209225304.png. 
[2021-02-09 15:06:16 : INFO] - Completed processing task with ID : 518, and type 'smush' 
[2021-02-09 15:06:16 : INFO] - Set semaphore last lock (smush) time to 2021-02-09 15:06:16 
[2021-02-09 15:06:16 : INFO] - Decremented the semaphore (smush) by 1 
[2021-02-09 15:06:16 : INFO] - Semaphore (smush) unlocked 
[2021-02-09 15:06:16 : INFO] - Successfully processed the queue (smush). 5 tasks were processed out of 5. 
[2021-02-09 15:06:16 : INFO] - Semaphore (smush, wp_options) was successfully cleaned up 
[2021-02-09 15:06:16 : INFO] - Cleaning up tasks of type (smush). A total of 5 tasks will be deleted. 
[2021-02-09 15:19:46 : INFO] - 
 
[2021-02-09 15:19:46 : INFO] - Header for logs at time:  Tue, 09 Feb 2021 15:19:46 +0000 on https://www.zhoujie218.top 
[2021-02-09 15:19:46 : INFO] - WP: 5.5.3 
[2021-02-09 15:19:46 : INFO] - PHP: 7.4.10 (fpm-fcgi, Linux iZxdntenq2f4z4Z 3.10.0-1127.19.1.el7.x86_64 #1 SMP Tue Aug 25 17:23:54 UTC 2020 x86_64) 
[2021-02-09 15:19:46 : INFO] - MySQL: 5.6.44 
[2021-02-09 15:19:46 : INFO] - WPLANG: zh_CN 
[2021-02-09 15:19:46 : INFO] - Server: nginx/1.17.1 
[2021-02-09 15:19:46 : INFO] - Outbound connections: N 
[2021-02-09 15:19:46 : INFO] - safe_mode: 0 
[2021-02-09 15:19:46 : INFO] - max_execution_time: 300 
[2021-02-09 15:19:46 : INFO] - memory_limit: 128M (used: 27.7M | 4M) 
[2021-02-09 15:19:46 : INFO] - multisite: N 
[2021-02-09 15:19:46 : INFO] - openssl: OpenSSL 1.0.2u  20 Dec 2019 
[2021-02-09 15:19:46 : INFO] - The queue for tasks of type "smush" is empty. Aborting! 
[2021-02-12 14:18:38 : INFO] - Re_Smush_It_Task with attachment ID : 1984, autocreated on : February 12, 2021 02:18:38 
[2021-02-12 14:22:12 : INFO] - Re_Smush_It_Task with attachment ID : 1985, autocreated on : February 12, 2021 02:22:12 
[2021-02-12 14:22:58 : INFO] - Re_Smush_It_Task with attachment ID : 1986, autocreated on : February 12, 2021 02:22:58 
[2021-02-12 14:23:17 : INFO] - Re_Smush_It_Task with attachment ID : 1987, autocreated on : February 12, 2021 02:23:17 
[2021-02-12 14:24:18 : INFO] - 
 
[2021-02-12 14:24:18 : INFO] - Header for logs at time:  Fri, 12 Feb 2021 14:24:18 +0000 on https://www.zhoujie218.top 
[2021-02-12 14:24:18 : INFO] - WP: 5.5.3 
[2021-02-12 14:24:18 : INFO] - PHP: 7.4.10 (fpm-fcgi, Linux iZxdntenq2f4z4Z 3.10.0-1127.19.1.el7.x86_64 #1 SMP Tue Aug 25 17:23:54 UTC 2020 x86_64) 
[2021-02-12 14:24:18 : INFO] - MySQL: 5.6.44 
[2021-02-12 14:24:18 : INFO] - WPLANG: zh_CN 
[2021-02-12 14:24:18 : INFO] - Server: nginx/1.17.1 
[2021-02-12 14:24:18 : INFO] - Outbound connections: N 
[2021-02-12 14:24:18 : INFO] - safe_mode: 0 
[2021-02-12 14:24:18 : INFO] - max_execution_time: 300 
[2021-02-12 14:24:18 : INFO] - memory_limit: 128M (used: 28.6M | 2M) 
[2021-02-12 14:24:18 : INFO] - multisite: N 
[2021-02-12 14:24:18 : INFO] - openssl: OpenSSL 1.0.2u  20 Dec 2019 
[2021-02-12 14:24:18 : INFO] - A total of 4 tasks of type smush found and will be processed in this iteration 
[2021-02-12 14:24:18 : INFO] - Set semaphore last lock (smush) time to 2021-02-12 14:24:18 
[2021-02-12 14:24:18 : INFO] - Semaphore lock (smush) complete 
[2021-02-12 14:24:18 : INFO] - Processing task with ID : 519, and type 'smush' 
[2021-02-12 14:24:18 : INFO] - Re_Smush_It_Task with attachment ID : 1984, autocreated on : February 12, 2021 02:18:38 
[2021-02-12 14:24:18 : INFO] - 95 
[2021-02-12 14:24:32 : INFO] - Task with ID 519 and type (smush) failed with error code invalid_response - The compression apparently succeeded, but WP-Optimize could not retrieve the compressed image from the remote server. 
[2021-02-12 14:24:32 : INFO] - data: {"src":"http:\/\/par4.static.resmush.it\/8663817253d52f1f9b75c92ce8e28465\/_src_99.jpg","dest":"http:\/\/par4.static.resmush.it\/8663817253d52f1f9b75c92ce8e28465\/99.jpg","src_size":150872,"dest_size":69563,"percent":54,"output":"json","expires":"Fri, 12 Feb 2021 15:29:27 +0100","generator":"reSmush.it rev.3.0.4.20210124"} 
[2021-02-12 14:24:32 : INFO] - Re_Smush_It_Task with attachment ID : 1984, autocreated on : February 12, 2021 02:18:38 
[2021-02-12 14:24:32 : INFO] - 95 
[2021-02-12 14:24:46 : INFO] - Cannot establish connection with reSmush.it webservice. Please try later 
[2021-02-12 14:24:46 : INFO] - Re_Smush_It_Task with attachment ID : 1984, autocreated on : February 12, 2021 02:18:38 
[2021-02-12 14:24:46 : INFO] - 95 
[2021-02-12 14:24:53 : INFO] - Successfully optimized the image - /www/wwwroot/www.zhoujie218.top/wp-content/uploads/2021/02/99.jpg. 
[2021-02-12 14:24:53 : INFO] - Completed processing task with ID : 519, and type 'smush' 
[2021-02-12 14:24:53 : INFO] - Set semaphore last lock (smush) time to 2021-02-12 14:24:53 
[2021-02-12 14:24:53 : INFO] - Processing task with ID : 520, and type 'smush' 
[2021-02-12 14:24:53 : INFO] - Re_Smush_It_Task with attachment ID : 1985, autocreated on : February 12, 2021 02:22:12 
[2021-02-12 14:24:53 : INFO] - 95 
[2021-02-12 14:25:04 : INFO] - Task with ID 520 and type (smush) failed with error code invalid_response - The compression apparently succeeded, but WP-Optimize could not retrieve the compressed image from the remote server. 
[2021-02-12 14:25:04 : INFO] - data: {"src":"http:\/\/par4.static.resmush.it\/f10aed3237dbe3e4da4c9706667b301b\/_src_duanjianhanguo.jpg","dest":"http:\/\/par4.static.resmush.it\/f10aed3237dbe3e4da4c9706667b301b\/duanjianhanguo.jpg","src_size":30293,"dest_size":28951,"percent":4,"output":"json","expires":"Fri, 12 Feb 2021 15:29:58 +0100","generator":"reSmush.it rev.3.0.4.20210124"} 
[2021-02-12 14:25:04 : INFO] - Re_Smush_It_Task with attachment ID : 1985, autocreated on : February 12, 2021 02:22:12 
[2021-02-12 14:25:04 : INFO] - 95 
[2021-02-12 14:25:12 : INFO] - Task with ID 520 and type (smush) failed with error code invalid_response - The compression apparently succeeded, but WP-Optimize could not retrieve the compressed image from the remote server. 
[2021-02-12 14:25:12 : INFO] - data: {"src":"http:\/\/par2.static.resmush.it\/7742f476b3706374057f351e64b203d8\/_src_duanjianhanguo-217x300.jpg","dest":"http:\/\/par2.static.resmush.it\/7742f476b3706374057f351e64b203d8\/duanjianhanguo-217x300.jpg","src_size":15615,"dest_size":15615,"percent":0,"output":"json","expires":"Fri, 12 Feb 2021 15:30:07 +0100","generator":"reSmush.it rev.3.0.4.20210124"} 
[2021-02-12 14:25:12 : INFO] - Re_Smush_It_Task with attachment ID : 1985, autocreated on : February 12, 2021 02:22:12 
[2021-02-12 14:25:12 : INFO] - 95 
[2021-02-12 14:25:18 : INFO] - Successfully optimized the image - /www/wwwroot/www.zhoujie218.top/wp-content/uploads/2021/02/duanjianhanguo.jpg. 
[2021-02-12 14:25:18 : INFO] - Completed processing task with ID : 520, and type 'smush' 
[2021-02-12 14:25:18 : INFO] - Set semaphore last lock (smush) time to 2021-02-12 14:25:18 
[2021-02-12 14:25:18 : INFO] - Processing task with ID : 521, and type 'smush' 
[2021-02-12 14:25:18 : INFO] - Re_Smush_It_Task with attachment ID : 1986, autocreated on : February 12, 2021 02:22:58 
[2021-02-12 14:25:18 : INFO] - 95 
[2021-02-12 14:25:21 : INFO] - Backing up the original image - 2021/02/20210212222256-updraft-pre-smush-original.jpg 
[2021-02-12 14:25:21 : INFO] - Re_Smush_It_Task with attachment ID : 1986, autocreated on : February 12, 2021 02:22:58 
[2021-02-12 14:25:21 : INFO] - 95 
[2021-02-12 14:25:25 : INFO] - Re_Smush_It_Task with attachment ID : 1986, autocreated on : February 12, 2021 02:22:58 
[2021-02-12 14:25:25 : INFO] - 95 
[2021-02-12 14:25:31 : INFO] - Task with ID 521 and type (smush) failed with error code invalid_response - The compression apparently succeeded, but WP-Optimize could not retrieve the compressed image from the remote server. 
[2021-02-12 14:25:31 : INFO] - data: {"src":"http:\/\/par3.static.resmush.it\/b2d7c0967584f98e69ab23fd6fb5708e\/_src_20210212222256-150x90.jpg","dest":"http:\/\/par3.static.resmush.it\/b2d7c0967584f98e69ab23fd6fb5708e\/20210212222256-150x90.jpg","src_size":3765,"dest_size":3765,"percent":0,"output":"json","expires":"Fri, 12 Feb 2021 15:30:25 +0100","generator":"reSmush.it rev.3.0.4.20210124"} 
[2021-02-12 14:25:31 : INFO] - Successfully optimized the image - /www/wwwroot/www.zhoujie218.top/wp-content/uploads/2021/02/20210212222256.jpg. 
[2021-02-12 14:25:31 : INFO] - Completed processing task with ID : 521, and type 'smush' 
[2021-02-12 14:25:31 : INFO] - Processing task with ID : 522, and type 'smush' 
[2021-02-12 14:25:31 : INFO] - Re_Smush_It_Task with attachment ID : 1987, autocreated on : February 12, 2021 02:23:17 
[2021-02-12 14:25:31 : INFO] - 95 
[2021-02-12 14:25:38 : INFO] - Backing up the original image - 2021/02/20210212222313-updraft-pre-smush-original.jpg 
[2021-02-12 14:25:38 : INFO] - Re_Smush_It_Task with attachment ID : 1987, autocreated on : February 12, 2021 02:23:17 
[2021-02-12 14:25:38 : INFO] - 95 
[2021-02-12 14:25:42 : INFO] - Re_Smush_It_Task with attachment ID : 1987, autocreated on : February 12, 2021 02:23:17 
[2021-02-12 14:25:42 : INFO] - 95 
[2021-02-12 14:25:46 : INFO] - Successfully optimized the image - /www/wwwroot/www.zhoujie218.top/wp-content/uploads/2021/02/20210212222313.jpg. 
[2021-02-12 14:25:46 : INFO] - Completed processing task with ID : 522, and type 'smush' 
[2021-02-12 14:25:46 : INFO] - Set semaphore last lock (smush) time to 2021-02-12 14:25:46 
[2021-02-12 14:25:46 : INFO] - Decremented the semaphore (smush) by 1 
[2021-02-12 14:25:46 : INFO] - Semaphore (smush) unlocked 
[2021-02-12 14:25:46 : INFO] - Successfully processed the queue (smush). 4 tasks were processed out of 4. 
[2021-02-12 14:25:46 : INFO] - Semaphore (smush, wp_options) was successfully cleaned up 
[2021-02-12 14:25:46 : INFO] - Cleaning up tasks of type (smush). A total of 4 tasks will be deleted. 
